  [1m[35m (0.3ms)[0m  [1m[34mSELECT sqlite_version(*)[0m
  [1m[35m (122.2ms)[0m  [1m[35mCREATE TABLE "schema_migrations" ("version" varchar NOT NULL PRIMARY KEY)[0m
  [1m[35m (131.8ms)[0m  [1m[35mCREATE TABLE "ar_internal_metadata" ("key" varchar NOT NULL PRIMARY KEY, "value" varchar, "created_at" datetime NOT NULL, "updated_at" datetime NOT NULL)[0m
  [1m[35m (0.8ms)[0m  [1m[34mSELECT "schema_migrations"."version" FROM "schema_migrations" ORDER BY "schema_migrations"."version" ASC[0m
Migrating to CreateCategories (20171104051807)
  [1m[35m (0.2ms)[0m  [1m[36mbegin transaction[0m
  [1m[35m (1.3ms)[0m  [1m[35mCREATE TABLE "categories" ("id" INTEGER PRIMARY KEY AUTOINCREMENT NOT NULL, "name" varchar, "created_at" datetime NOT NULL, "updated_at" datetime NOT NULL)[0m
  [1m[35mSQL (0.6ms)[0m  [1m[32mINSERT INTO "schema_migrations" ("version") VALUES (?)[0m  [["version", "20171104051807"]]
  [1m[35m (220.1ms)[0m  [1m[36mcommit transaction[0m
Migrating to CreateProblemRequests (20171104051957)
  [1m[35m (0.2ms)[0m  [1m[36mbegin transaction[0m
  [1m[35m (1.3ms)[0m  [1m[35mCREATE TABLE "problem_requests" ("id" INTEGER PRIMARY KEY AUTOINCREMENT NOT NULL, "name" varchar, "description" text, "questionnare_id" integer, "category_id" integer, "author_id" integer, "created_at" datetime NOT NULL, "updated_at" datetime NOT NULL, CONSTRAINT "fk_rails_b48c2071c3"
FOREIGN KEY ("questionnare_id")
  REFERENCES "questionnares" ("id")
, CONSTRAINT "fk_rails_7bb4aedc81"
FOREIGN KEY ("category_id")
  REFERENCES "categories" ("id")
, CONSTRAINT "fk_rails_81bacb7ef6"
FOREIGN KEY ("author_id")
  REFERENCES "authors" ("id")
)[0m
  [1m[35m (0.5ms)[0m  [1m[35mCREATE  INDEX "index_problem_requests_on_questionnare_id" ON "problem_requests" ("questionnare_id")[0m
  [1m[35m (0.3ms)[0m  [1m[34m            SELECT sql
            FROM sqlite_master
            WHERE name='index_problem_requests_on_questionnare_id' AND type='index'
            UNION ALL
            SELECT sql
            FROM sqlite_temp_master
            WHERE name='index_problem_requests_on_questionnare_id' AND type='index'
[0m
  [1m[35m (0.4ms)[0m  [1m[35mCREATE  INDEX "index_problem_requests_on_category_id" ON "problem_requests" ("category_id")[0m
  [1m[35m (0.2ms)[0m  [1m[34m            SELECT sql
            FROM sqlite_master
            WHERE name='index_problem_requests_on_category_id' AND type='index'
            UNION ALL
            SELECT sql
            FROM sqlite_temp_master
            WHERE name='index_problem_requests_on_category_id' AND type='index'
[0m
  [1m[35m (1.3ms)[0m  [1m[34m            SELECT sql
            FROM sqlite_master
            WHERE name='index_problem_requests_on_questionnare_id' AND type='index'
            UNION ALL
            SELECT sql
            FROM sqlite_temp_master
            WHERE name='index_problem_requests_on_questionnare_id' AND type='index'
[0m
  [1m[35m (0.6ms)[0m  [1m[35mCREATE  INDEX "index_problem_requests_on_author_id" ON "problem_requests" ("author_id")[0m
  [1m[35mSQL (0.4ms)[0m  [1m[32mINSERT INTO "schema_migrations" ("version") VALUES (?)[0m  [["version", "20171104051957"]]
  [1m[35m (123.1ms)[0m  [1m[36mcommit transaction[0m
Migrating to CreateQuestionnares (20171104052032)
  [1m[35m (0.3ms)[0m  [1m[36mbegin transaction[0m
  [1m[35m (1.2ms)[0m  [1m[35mCREATE TABLE "questionnares" ("id" INTEGER PRIMARY KEY AUTOINCREMENT NOT NULL, "name" varchar, "data" text, "created_at" datetime NOT NULL, "updated_at" datetime NOT NULL)[0m
  [1m[35mSQL (0.5ms)[0m  [1m[32mINSERT INTO "schema_migrations" ("version") VALUES (?)[0m  [["version", "20171104052032"]]
  [1m[35m (123.4ms)[0m  [1m[36mcommit transaction[0m
Migrating to CreateExpertResponses (20171104052205)
  [1m[35m (0.2ms)[0m  [1m[36mbegin transaction[0m
  [1m[35m (1.4ms)[0m  [1m[35mCREATE TABLE "expert_responses" ("id" INTEGER PRIMARY KEY AUTOINCREMENT NOT NULL, "expert_id" integer, "ProblemRequest_id" integer, "responce_date" text, "created_at" datetime NOT NULL, "updated_at" datetime NOT NULL, CONSTRAINT "fk_rails_f666f14135"
FOREIGN KEY ("expert_id")
  REFERENCES "experts" ("id")
, CONSTRAINT "fk_rails_5852de7789"
FOREIGN KEY ("ProblemRequest_id")
  REFERENCES "ProblemRequests" ("id")
)[0m
  [1m[35m (0.4ms)[0m  [1m[35mCREATE  INDEX "index_expert_responses_on_expert_id" ON "expert_responses" ("expert_id")[0m
  [1m[35m (0.3ms)[0m  [1m[34m            SELECT sql
            FROM sqlite_master
            WHERE name='index_expert_responses_on_expert_id' AND type='index'
            UNION ALL
            SELECT sql
            FROM sqlite_temp_master
            WHERE name='index_expert_responses_on_expert_id' AND type='index'
[0m
  [1m[35m (0.4ms)[0m  [1m[35mCREATE  INDEX "index_expert_responses_on_ProblemRequest_id" ON "expert_responses" ("ProblemRequest_id")[0m
  [1m[35mSQL (0.8ms)[0m  [1m[32mINSERT INTO "schema_migrations" ("version") VALUES (?)[0m  [["version", "20171104052205"]]
  [1m[35m (118.9ms)[0m  [1m[36mcommit transaction[0m
Migrating to CreateExpertQuestionnareResponses (20171104052335)
  [1m[35m (0.2ms)[0m  [1m[36mbegin transaction[0m
  [1m[35m (1.2ms)[0m  [1m[35mCREATE TABLE "expert_questionnare_responses" ("id" INTEGER PRIMARY KEY AUTOINCREMENT NOT NULL, "expert_id" integer, "ProblemRequest_id" integer, "response_data" text, "created_at" datetime NOT NULL, "updated_at" datetime NOT NULL, CONSTRAINT "fk_rails_7a71480bba"
FOREIGN KEY ("expert_id")
  REFERENCES "experts" ("id")
, CONSTRAINT "fk_rails_5c1c238fb6"
FOREIGN KEY ("ProblemRequest_id")
  REFERENCES "ProblemRequests" ("id")
)[0m
  [1m[35m (0.5ms)[0m  [1m[35mCREATE  INDEX "index_expert_questionnare_responses_on_expert_id" ON "expert_questionnare_responses" ("expert_id")[0m
  [1m[35m (0.4ms)[0m  [1m[34m            SELECT sql
            FROM sqlite_master
            WHERE name='index_expert_questionnare_responses_on_expert_id' AND type='index'
            UNION ALL
            SELECT sql
            FROM sqlite_temp_master
            WHERE name='index_expert_questionnare_responses_on_expert_id' AND type='index'
[0m
  [1m[35m (0.4ms)[0m  [1m[35mCREATE  INDEX "index_expert_questionnare_responses_on_ProblemRequest_id" ON "expert_questionnare_responses" ("ProblemRequest_id")[0m
  [1m[35mSQL (0.4ms)[0m  [1m[32mINSERT INTO "schema_migrations" ("version") VALUES (?)[0m  [["version", "20171104052335"]]
  [1m[35m (121.5ms)[0m  [1m[36mcommit transaction[0m
  [1m[36mActiveRecord::InternalMetadata Load (0.9ms)[0m  [1m[34mSELECT  "ar_internal_metadata".* FROM "ar_internal_metadata" WHERE "ar_internal_metadata"."key" = ? LIMIT ?[0m  [["key", "environment"], ["LIMIT", 1]]
  [1m[35m (0.2ms)[0m  [1m[36mbegin transaction[0m
  [1m[35mSQL (0.7ms)[0m  [1m[32mINSERT INTO "ar_internal_metadata" ("key", "value", "created_at", "updated_at") VALUES (?, ?, ?, ?)[0m  [["key", "environment"], ["value", "development"], ["created_at", "2017-11-04 05:29:17.357864"], ["updated_at", "2017-11-04 05:29:17.357864"]]
  [1m[35m (84.3ms)[0m  [1m[36mcommit transaction[0m
  [1m[35m (0.4ms)[0m  [1m[34mSELECT "schema_migrations"."version" FROM "schema_migrations" ORDER BY "schema_migrations"."version" ASC[0m
  [1m[35m (0.3ms)[0m  [1m[34m            SELECT sql
            FROM sqlite_master
            WHERE name='index_expert_questionnare_responses_on_ProblemRequest_id' AND type='index'
            UNION ALL
            SELECT sql
            FROM sqlite_temp_master
            WHERE name='index_expert_questionnare_responses_on_ProblemRequest_id' AND type='index'
[0m
  [1m[35m (0.3ms)[0m  [1m[34m            SELECT sql
            FROM sqlite_master
            WHERE name='index_expert_questionnare_responses_on_expert_id' AND type='index'
            UNION ALL
            SELECT sql
            FROM sqlite_temp_master
            WHERE name='index_expert_questionnare_responses_on_expert_id' AND type='index'
[0m
  [1m[35m (0.3ms)[0m  [1m[34m            SELECT sql
            FROM sqlite_master
            WHERE name='index_expert_responses_on_ProblemRequest_id' AND type='index'
            UNION ALL
            SELECT sql
            FROM sqlite_temp_master
            WHERE name='index_expert_responses_on_ProblemRequest_id' AND type='index'
[0m
  [1m[35m (0.3ms)[0m  [1m[34m            SELECT sql
            FROM sqlite_master
            WHERE name='index_expert_responses_on_expert_id' AND type='index'
            UNION ALL
            SELECT sql
            FROM sqlite_temp_master
            WHERE name='index_expert_responses_on_expert_id' AND type='index'
[0m
  [1m[35m (0.3ms)[0m  [1m[34m            SELECT sql
            FROM sqlite_master
            WHERE name='index_problem_requests_on_author_id' AND type='index'
            UNION ALL
            SELECT sql
            FROM sqlite_temp_master
            WHERE name='index_problem_requests_on_author_id' AND type='index'
[0m
  [1m[35m (0.3ms)[0m  [1m[34m            SELECT sql
            FROM sqlite_master
            WHERE name='index_problem_requests_on_category_id' AND type='index'
            UNION ALL
            SELECT sql
            FROM sqlite_temp_master
            WHERE name='index_problem_requests_on_category_id' AND type='index'
[0m
  [1m[35m (0.3ms)[0m  [1m[34m            SELECT sql
            FROM sqlite_master
            WHERE name='index_problem_requests_on_questionnare_id' AND type='index'
            UNION ALL
            SELECT sql
            FROM sqlite_temp_master
            WHERE name='index_problem_requests_on_questionnare_id' AND type='index'
[0m
